<component name="libraryTable">
  <library name="junit-4.12">
    <CLASSES>
      <root url="jar://$PROJECT_DIR$/../../../changesLib/junit-4.12.jar!/" />
      <root url="jar://$PROJECT_DIR$/../../../changesLib/hamcrest-core-1.1.jar!/" />
    </CLASSES>
    <JAVADOC />
    <SOURCES>
      <root url="jar://$PROJECT_DIR$/../../../changesLib/hamcrest-core-1.1.jar!/" />
    </SOURCES>
  </library>
</component>